The system is: Linux - 3.2.0-102-generic - x86_64
Compiling the C compiler identification source file "CMakeCCompilerId.c" succeeded.
Compiler: /usr/bin/cc 
Build flags: 
Id flags: 

The output was:
0


Compilation of the C compiler identification source "CMakeCCompilerId.c" produced "a.out"

The C compiler identification is GNU, found in "/dsm/cosmo02/sparseastro/Euclid/code/cea-epfl/branches/isap_package/build/CMakeFiles/3.5.2/CompilerIdC/a.out"

Compiling the CXX compiler identification source file "CMakeCXXCompilerId.cpp" succeeded.
Compiler: /usr/bin/c++ 
Build flags: 
Id flags: 

The output was:
0


Compilation of the CXX compiler identification source "CMakeCXXCompilerId.cpp" produced "a.out"

The CXX compiler identification is GNU, found in "/dsm/cosmo02/sparseastro/Euclid/code/cea-epfl/branches/isap_package/build/CMakeFiles/3.5.2/CompilerIdCXX/a.out"

Determining if the C compiler works passed with the following output:
Change Dir: /dsm/cosmo02/sparseastro/Euclid/code/cea-epfl/branches/isap_package/build/CMakeFiles/CMakeTmp

Run Build Command:"/usr/bin/make" "cmTC_ddfe3/fast"
/usr/bin/make -f CMakeFiles/cmTC_ddfe3.dir/build.make CMakeFiles/cmTC_ddfe3.dir/build
make[1]: Entering directory `/dsm/cosmo02/sparseastro/Euclid/code/cea-epfl/branches/isap_package/build/CMakeFiles/CMakeTmp'
Building C object CMakeFiles/cmTC_ddfe3.dir/testCCompiler.c.o
/usr/bin/cc     -o CMakeFiles/cmTC_ddfe3.dir/testCCompiler.c.o   -c /dsm/cosmo02/sparseastro/Euclid/code/cea-epfl/branches/isap_package/build/CMakeFiles/CMakeTmp/testCCompiler.c
Linking C executable cmTC_ddfe3
/usr/local/opt/core-4.0-amd64/gnu/cmake/3.5.2-gcc492/bin/cmake -E cmake_link_script CMakeFiles/cmTC_ddfe3.dir/link.txt --verbose=1
/usr/bin/cc       CMakeFiles/cmTC_ddfe3.dir/testCCompiler.c.o  -o cmTC_ddfe3 -rdynamic 
make[1]: Leaving directory `/dsm/cosmo02/sparseastro/Euclid/code/cea-epfl/branches/isap_package/build/CMakeFiles/CMakeTmp'


Detecting C compiler ABI info compiled with the following output:
Change Dir: /dsm/cosmo02/sparseastro/Euclid/code/cea-epfl/branches/isap_package/build/CMakeFiles/CMakeTmp

Run Build Command:"/usr/bin/make" "cmTC_558ff/fast"
/usr/bin/make -f CMakeFiles/cmTC_558ff.dir/build.make CMakeFiles/cmTC_558ff.dir/build
make[1]: Entering directory `/dsm/cosmo02/sparseastro/Euclid/code/cea-epfl/branches/isap_package/build/CMakeFiles/CMakeTmp'
Building C object CMakeFiles/cmTC_558ff.dir/CMakeCCompilerABI.c.o
/usr/bin/cc     -o CMakeFiles/cmTC_558ff.dir/CMakeCCompilerABI.c.o   -c /usr/local/opt/core-4.0-amd64/gnu/cmake/3.5.2-gcc492/share/cmake-3.5/Modules/CMakeCCompilerABI.c
Linking C executable cmTC_558ff
/usr/local/opt/core-4.0-amd64/gnu/cmake/3.5.2-gcc492/bin/cmake -E cmake_link_script CMakeFiles/cmTC_558ff.dir/link.txt --verbose=1
/usr/bin/cc      -v CMakeFiles/cmTC_558ff.dir/CMakeCCompilerABI.c.o  -o cmTC_558ff -rdynamic  
Using built-in specs.
COLLECT_GCC=/usr/bin/cc
COLLECT_LTO_WRAPPER=/usr/lib/gcc/x86_64-linux-gnu/4.6/lto-wrapper
Target: x86_64-linux-gnu
Configured with: ../src/configure -v --with-pkgversion='Ubuntu/Linaro 4.6.3-1ubuntu5' --with-bugurl=file:///usr/share/doc/gcc-4.6/README.Bugs --enable-languages=c,c++,fortran,objc,obj-c++ --prefix=/usr --program-suffix=-4.6 --enable-shared --enable-linker-build-id --with-system-zlib --libexecdir=/usr/lib --without-included-gettext --enable-threads=posix --with-gxx-include-dir=/usr/include/c++/4.6 --libdir=/usr/lib --enable-nls --with-sysroot=/ --enable-clocale=gnu --enable-libstdcxx-debug --enable-libstdcxx-time=yes --enable-gnu-unique-object --enable-plugin --enable-objc-gc --disable-werror --with-arch-32=i686 --with-tune=generic --enable-checking=release --build=x86_64-linux-gnu --host=x86_64-linux-gnu --target=x86_64-linux-gnu
Thread model: posix
gcc version 4.6.3 (Ubuntu/Linaro 4.6.3-1ubuntu5) 
COMPILER_PATH=/usr/lib/gcc/x86_64-linux-gnu/4.6/:/usr/lib/gcc/x86_64-linux-gnu/4.6/:/usr/lib/gcc/x86_64-linux-gnu/:/usr/lib/gcc/x86_64-linux-gnu/4.6/:/usr/lib/gcc/x86_64-linux-gnu/
LIBRARY_PATH=/opt/core-4.0-amd64/gnu/boost/1.55.0-gcc463/build/lib/../lib/:/opt/core-4.0-amd64/gnu/cfitsio/3.31-gcc463/lib/../lib/:/opt/core-4.0-amd64/gnu/atlas/3.10.1-gcc463-lapack342/lib/../lib/:/opt/core-4.0-amd64/gnu/tmv-cpp/0.71-atlas3101-gcc463-scons210/lib/../lib/:/opt/core-4.0-amd64/gnu/fftw/3.3.3-gcc463/lib/../lib/:/opt/core-4.0-amd64/gnu/healpix/3.00-gcc463/lib_gfortranF90/../lib/:/opt/core-4.0-amd64/gnu/healpix/3.00-gcc463/lib/../lib/:/opt/core-4.0-amd64/gnu/healpix/3.00-gcc463/src/cxx/generic_gcc/lib/../lib/:/opt/core-4.0-amd64/gnu/armadillo/7.200.2-gcc463-ifort1401-mkl-arpack96-superLU43/lib/../lib/:/opt/core-4.0-amd64/gnu/openblas/0.2.15-gcc463-ifort1401/lib/../lib/:/opt/core-4.0-amd64/gnu/superLU/MT3.0-gcc463-ifort1401/lib/../lib/:/opt/core-4.0-amd64/gnu/arpack/96-ifort1401/lib/../lib/:/usr/lib/gcc/x86_64-linux-gnu/4.6/:/usr/lib/gcc/x86_64-linux-gnu/4.6/../../../x86_64-linux-gnu/:/usr/lib/gcc/x86_64-linux-gnu/4.6/../../../../lib/:/lib/x86_64-linux-gnu/:/lib/../lib/:/usr/lib/x86_64-linux-gnu/:/usr/lib/../lib/:/opt/core-4.0-amd64/gnu/boost/1.55.0-gcc463/build/lib/:/opt/core-4.0-amd64/gnu/cfitsio/3.31-gcc463/lib/:/opt/core-4.0-amd64/gnu/atlas/3.10.1-gcc463-lapack342/lib/:/opt/core-4.0-amd64/gnu/tmv-cpp/0.71-atlas3101-gcc463-scons210/lib/:/opt/core-4.0-amd64/gnu/fftw/3.3.3-gcc463/lib/:/opt/core-4.0-amd64/gnu/healpix/3.00-gcc463/lib_gfortranF90/:/opt/core-4.0-amd64/gnu/healpix/3.00-gcc463/lib/:/opt/core-4.0-amd64/gnu/healpix/3.00-gcc463/src/cxx/generic_gcc/lib/:/opt/core-4.0-amd64/gnu/armadillo/7.200.2-gcc463-ifort1401-mkl-arpack96-superLU43/lib/:/opt/core-4.0-amd64/gnu/openblas/0.2.15-gcc463-ifort1401/lib/:/opt/core-4.0-amd64/gnu/superLU/MT3.0-gcc463-ifort1401/lib/:/opt/core-4.0-amd64/gnu/arpack/96-ifort1401/lib/:/opt/core-4.0-amd64/gnu/ifort/2013_sp1.106_intel64/compiler/lib/intel64/:/opt/core-4.0-amd64/gnu/ifort/2013_sp1.106_intel64/mkl/lib/intel64/:/usr/lib/gcc/x86_64-linux-gnu/4.6/../../../:/lib/:/usr/lib/
COLLECT_GCC_OPTIONS='-v' '-o' 'cmTC_558ff' '-rdynamic' '-mtune=generic' '-march=x86-64'
 /usr/lib/gcc/x86_64-linux-gnu/4.6/collect2 --sysroot=/ --build-id --no-add-needed --as-needed --eh-frame-hdr -m elf_x86_64 --hash-style=gnu -export-dynamic -dynamic-linker /lib64/ld-linux-x86-64.so.2 -z relro -o cmTC_558ff /usr/lib/gcc/x86_64-linux-gnu/4.6/../../../x86_64-linux-gnu/crt1.o /usr/lib/gcc/x86_64-linux-gnu/4.6/../../../x86_64-linux-gnu/crti.o /usr/lib/gcc/x86_64-linux-gnu/4.6/crtbegin.o -L/opt/core-4.0-amd64/gnu/boost/1.55.0-gcc463/build/lib/../lib -L/opt/core-4.0-amd64/gnu/cfitsio/3.31-gcc463/lib/../lib -L/opt/core-4.0-amd64/gnu/atlas/3.10.1-gcc463-lapack342/lib/../lib -L/opt/core-4.0-amd64/gnu/tmv-cpp/0.71-atlas3101-gcc463-scons210/lib/../lib -L/opt/core-4.0-amd64/gnu/fftw/3.3.3-gcc463/lib/../lib -L/opt/core-4.0-amd64/gnu/healpix/3.00-gcc463/lib_gfortranF90/../lib -L/opt/core-4.0-amd64/gnu/healpix/3.00-gcc463/lib/../lib -L/opt/core-4.0-amd64/gnu/healpix/3.00-gcc463/src/cxx/generic_gcc/lib/../lib -L/opt/core-4.0-amd64/gnu/armadillo/7.200.2-gcc463-ifort1401-mkl-arpack96-superLU43/lib/../lib -L/opt/core-4.0-amd64/gnu/openblas/0.2.15-gcc463-ifort1401/lib/../lib -L/opt/core-4.0-amd64/gnu/superLU/MT3.0-gcc463-ifort1401/lib/../lib -L/opt/core-4.0-amd64/gnu/arpack/96-ifort1401/lib/../lib -L/usr/lib/gcc/x86_64-linux-gnu/4.6 -L/usr/lib/gcc/x86_64-linux-gnu/4.6/../../../x86_64-linux-gnu -L/usr/lib/gcc/x86_64-linux-gnu/4.6/../../../../lib -L/lib/x86_64-linux-gnu -L/lib/../lib -L/usr/lib/x86_64-linux-gnu -L/usr/lib/../lib -L/opt/core-4.0-amd64/gnu/boost/1.55.0-gcc463/build/lib -L/opt/core-4.0-amd64/gnu/cfitsio/3.31-gcc463/lib -L/opt/core-4.0-amd64/gnu/atlas/3.10.1-gcc463-lapack342/lib -L/opt/core-4.0-amd64/gnu/tmv-cpp/0.71-atlas3101-gcc463-scons210/lib -L/opt/core-4.0-amd64/gnu/fftw/3.3.3-gcc463/lib -L/opt/core-4.0-amd64/gnu/healpix/3.00-gcc463/lib_gfortranF90 -L/opt/core-4.0-amd64/gnu/healpix/3.00-gcc463/lib -L/opt/core-4.0-amd64/gnu/healpix/3.00-gcc463/src/cxx/generic_gcc/lib -L/opt/core-4.0-amd64/gnu/armadillo/7.200.2-gcc463-ifort1401-mkl-arpack96-superLU43/lib -L/opt/core-4.0-amd64/gnu/openblas/0.2.15-gcc463-ifort1401/lib -L/opt/core-4.0-amd64/gnu/superLU/MT3.0-gcc463-ifort1401/lib -L/opt/core-4.0-amd64/gnu/arpack/96-ifort1401/lib -L/opt/core-4.0-amd64/gnu/ifort/2013_sp1.106_intel64/compiler/lib/intel64 -L/opt/core-4.0-amd64/gnu/ifort/2013_sp1.106_intel64/mkl/lib/intel64 -L/usr/lib/gcc/x86_64-linux-gnu/4.6/../../.. CMakeFiles/cmTC_558ff.dir/CMakeCCompilerABI.c.o -lgcc --as-needed -lgcc_s --no-as-needed -lc -lgcc --as-needed -lgcc_s --no-as-needed /usr/lib/gcc/x86_64-linux-gnu/4.6/crtend.o /usr/lib/gcc/x86_64-linux-gnu/4.6/../../../x86_64-linux-gnu/crtn.o
make[1]: Leaving directory `/dsm/cosmo02/sparseastro/Euclid/code/cea-epfl/branches/isap_package/build/CMakeFiles/CMakeTmp'


Parsed C implicit link information from above output:
  link line regex: [^( *|.*[/\])(ld|([^/\]+-)?ld|collect2)[^/\]*( |$)]
  ignore line: [Change Dir: /dsm/cosmo02/sparseastro/Euclid/code/cea-epfl/branches/isap_package/build/CMakeFiles/CMakeTmp]
  ignore line: []
  ignore line: [Run Build Command:"/usr/bin/make" "cmTC_558ff/fast"]
  ignore line: [/usr/bin/make -f CMakeFiles/cmTC_558ff.dir/build.make CMakeFiles/cmTC_558ff.dir/build]
  ignore line: [make[1]: Entering directory `/dsm/cosmo02/sparseastro/Euclid/code/cea-epfl/branches/isap_package/build/CMakeFiles/CMakeTmp']
  ignore line: [Building C object CMakeFiles/cmTC_558ff.dir/CMakeCCompilerABI.c.o]
  ignore line: [/usr/bin/cc     -o CMakeFiles/cmTC_558ff.dir/CMakeCCompilerABI.c.o   -c /usr/local/opt/core-4.0-amd64/gnu/cmake/3.5.2-gcc492/share/cmake-3.5/Modules/CMakeCCompilerABI.c]
  ignore line: [Linking C executable cmTC_558ff]
  ignore line: [/usr/local/opt/core-4.0-amd64/gnu/cmake/3.5.2-gcc492/bin/cmake -E cmake_link_script CMakeFiles/cmTC_558ff.dir/link.txt --verbose=1]
  ignore line: [/usr/bin/cc      -v CMakeFiles/cmTC_558ff.dir/CMakeCCompilerABI.c.o  -o cmTC_558ff -rdynamic  ]
  ignore line: [Using built-in specs.]
  ignore line: [COLLECT_GCC=/usr/bin/cc]
  ignore line: [COLLECT_LTO_WRAPPER=/usr/lib/gcc/x86_64-linux-gnu/4.6/lto-wrapper]
  ignore line: [Target: x86_64-linux-gnu]
  ignore line: [Configured with: ../src/configure -v --with-pkgversion='Ubuntu/Linaro 4.6.3-1ubuntu5' --with-bugurl=file:///usr/share/doc/gcc-4.6/README.Bugs --enable-languages=c,c++,fortran,objc,obj-c++ --prefix=/usr --program-suffix=-4.6 --enable-shared --enable-linker-build-id --with-system-zlib --libexecdir=/usr/lib --without-included-gettext --enable-threads=posix --with-gxx-include-dir=/usr/include/c++/4.6 --libdir=/usr/lib --enable-nls --with-sysroot=/ --enable-clocale=gnu --enable-libstdcxx-debug --enable-libstdcxx-time=yes --enable-gnu-unique-object --enable-plugin --enable-objc-gc --disable-werror --with-arch-32=i686 --with-tune=generic --enable-checking=release --build=x86_64-linux-gnu --host=x86_64-linux-gnu --target=x86_64-linux-gnu]
  ignore line: [Thread model: posix]
  ignore line: [gcc version 4.6.3 (Ubuntu/Linaro 4.6.3-1ubuntu5) ]
  ignore line: [COMPILER_PATH=/usr/lib/gcc/x86_64-linux-gnu/4.6/:/usr/lib/gcc/x86_64-linux-gnu/4.6/:/usr/lib/gcc/x86_64-linux-gnu/:/usr/lib/gcc/x86_64-linux-gnu/4.6/:/usr/lib/gcc/x86_64-linux-gnu/]
  ignore line: [LIBRARY_PATH=/opt/core-4.0-amd64/gnu/boost/1.55.0-gcc463/build/lib/../lib/:/opt/core-4.0-amd64/gnu/cfitsio/3.31-gcc463/lib/../lib/:/opt/core-4.0-amd64/gnu/atlas/3.10.1-gcc463-lapack342/lib/../lib/:/opt/core-4.0-amd64/gnu/tmv-cpp/0.71-atlas3101-gcc463-scons210/lib/../lib/:/opt/core-4.0-amd64/gnu/fftw/3.3.3-gcc463/lib/../lib/:/opt/core-4.0-amd64/gnu/healpix/3.00-gcc463/lib_gfortranF90/../lib/:/opt/core-4.0-amd64/gnu/healpix/3.00-gcc463/lib/../lib/:/opt/core-4.0-amd64/gnu/healpix/3.00-gcc463/src/cxx/generic_gcc/lib/../lib/:/opt/core-4.0-amd64/gnu/armadillo/7.200.2-gcc463-ifort1401-mkl-arpack96-superLU43/lib/../lib/:/opt/core-4.0-amd64/gnu/openblas/0.2.15-gcc463-ifort1401/lib/../lib/:/opt/core-4.0-amd64/gnu/superLU/MT3.0-gcc463-ifort1401/lib/../lib/:/opt/core-4.0-amd64/gnu/arpack/96-ifort1401/lib/../lib/:/usr/lib/gcc/x86_64-linux-gnu/4.6/:/usr/lib/gcc/x86_64-linux-gnu/4.6/../../../x86_64-linux-gnu/:/usr/lib/gcc/x86_64-linux-gnu/4.6/../../../../lib/:/lib/x86_64-linux-gnu/:/lib/../lib/:/usr/lib/x86_64-linux-gnu/:/usr/lib/../lib/:/opt/core-4.0-amd64/gnu/boost/1.55.0-gcc463/build/lib/:/opt/core-4.0-amd64/gnu/cfitsio/3.31-gcc463/lib/:/opt/core-4.0-amd64/gnu/atlas/3.10.1-gcc463-lapack342/lib/:/opt/core-4.0-amd64/gnu/tmv-cpp/0.71-atlas3101-gcc463-scons210/lib/:/opt/core-4.0-amd64/gnu/fftw/3.3.3-gcc463/lib/:/opt/core-4.0-amd64/gnu/healpix/3.00-gcc463/lib_gfortranF90/:/opt/core-4.0-amd64/gnu/healpix/3.00-gcc463/lib/:/opt/core-4.0-amd64/gnu/healpix/3.00-gcc463/src/cxx/generic_gcc/lib/:/opt/core-4.0-amd64/gnu/armadillo/7.200.2-gcc463-ifort1401-mkl-arpack96-superLU43/lib/:/opt/core-4.0-amd64/gnu/openblas/0.2.15-gcc463-ifort1401/lib/:/opt/core-4.0-amd64/gnu/superLU/MT3.0-gcc463-ifort1401/lib/:/opt/core-4.0-amd64/gnu/arpack/96-ifort1401/lib/:/opt/core-4.0-amd64/gnu/ifort/2013_sp1.106_intel64/compiler/lib/intel64/:/opt/core-4.0-amd64/gnu/ifort/2013_sp1.106_intel64/mkl/lib/intel64/:/usr/lib/gcc/x86_64-linux-gnu/4.6/../../../:/lib/:/usr/lib/]
  ignore line: [COLLECT_GCC_OPTIONS='-v' '-o' 'cmTC_558ff' '-rdynamic' '-mtune=generic' '-march=x86-64']
  link line: [ /usr/lib/gcc/x86_64-linux-gnu/4.6/collect2 --sysroot=/ --build-id --no-add-needed --as-needed --eh-frame-hdr -m elf_x86_64 --hash-style=gnu -export-dynamic -dynamic-linker /lib64/ld-linux-x86-64.so.2 -z relro -o cmTC_558ff /usr/lib/gcc/x86_64-linux-gnu/4.6/../../../x86_64-linux-gnu/crt1.o /usr/lib/gcc/x86_64-linux-gnu/4.6/../../../x86_64-linux-gnu/crti.o /usr/lib/gcc/x86_64-linux-gnu/4.6/crtbegin.o -L/opt/core-4.0-amd64/gnu/boost/1.55.0-gcc463/build/lib/../lib -L/opt/core-4.0-amd64/gnu/cfitsio/3.31-gcc463/lib/../lib -L/opt/core-4.0-amd64/gnu/atlas/3.10.1-gcc463-lapack342/lib/../lib -L/opt/core-4.0-amd64/gnu/tmv-cpp/0.71-atlas3101-gcc463-scons210/lib/../lib -L/opt/core-4.0-amd64/gnu/fftw/3.3.3-gcc463/lib/../lib -L/opt/core-4.0-amd64/gnu/healpix/3.00-gcc463/lib_gfortranF90/../lib -L/opt/core-4.0-amd64/gnu/healpix/3.00-gcc463/lib/../lib -L/opt/core-4.0-amd64/gnu/healpix/3.00-gcc463/src/cxx/generic_gcc/lib/../lib -L/opt/core-4.0-amd64/gnu/armadillo/7.200.2-gcc463-ifort1401-mkl-arpack96-superLU43/lib/../lib -L/opt/core-4.0-amd64/gnu/openblas/0.2.15-gcc463-ifort1401/lib/../lib -L/opt/core-4.0-amd64/gnu/superLU/MT3.0-gcc463-ifort1401/lib/../lib -L/opt/core-4.0-amd64/gnu/arpack/96-ifort1401/lib/../lib -L/usr/lib/gcc/x86_64-linux-gnu/4.6 -L/usr/lib/gcc/x86_64-linux-gnu/4.6/../../../x86_64-linux-gnu -L/usr/lib/gcc/x86_64-linux-gnu/4.6/../../../../lib -L/lib/x86_64-linux-gnu -L/lib/../lib -L/usr/lib/x86_64-linux-gnu -L/usr/lib/../lib -L/opt/core-4.0-amd64/gnu/boost/1.55.0-gcc463/build/lib -L/opt/core-4.0-amd64/gnu/cfitsio/3.31-gcc463/lib -L/opt/core-4.0-amd64/gnu/atlas/3.10.1-gcc463-lapack342/lib -L/opt/core-4.0-amd64/gnu/tmv-cpp/0.71-atlas3101-gcc463-scons210/lib -L/opt/core-4.0-amd64/gnu/fftw/3.3.3-gcc463/lib -L/opt/core-4.0-amd64/gnu/healpix/3.00-gcc463/lib_gfortranF90 -L/opt/core-4.0-amd64/gnu/healpix/3.00-gcc463/lib -L/opt/core-4.0-amd64/gnu/healpix/3.00-gcc463/src/cxx/generic_gcc/lib -L/opt/core-4.0-amd64/gnu/armadillo/7.200.2-gcc463-ifort1401-mkl-arpack96-superLU43/lib -L/opt/core-4.0-amd64/gnu/openblas/0.2.15-gcc463-ifort1401/lib -L/opt/core-4.0-amd64/gnu/superLU/MT3.0-gcc463-ifort1401/lib -L/opt/core-4.0-amd64/gnu/arpack/96-ifort1401/lib -L/opt/core-4.0-amd64/gnu/ifort/2013_sp1.106_intel64/compiler/lib/intel64 -L/opt/core-4.0-amd64/gnu/ifort/2013_sp1.106_intel64/mkl/lib/intel64 -L/usr/lib/gcc/x86_64-linux-gnu/4.6/../../.. CMakeFiles/cmTC_558ff.dir/CMakeCCompilerABI.c.o -lgcc --as-needed -lgcc_s --no-as-needed -lc -lgcc --as-needed -lgcc_s --no-as-needed /usr/lib/gcc/x86_64-linux-gnu/4.6/crtend.o /usr/lib/gcc/x86_64-linux-gnu/4.6/../../../x86_64-linux-gnu/crtn.o]
    arg [/usr/lib/gcc/x86_64-linux-gnu/4.6/collect2] ==> ignore
    arg [--sysroot=/] ==> ignore
    arg [--build-id] ==> ignore
    arg [--no-add-needed] ==> ignore
    arg [--as-needed] ==> ignore
    arg [--eh-frame-hdr] ==> ignore
    arg [-m] ==> ignore
    arg [elf_x86_64] ==> ignore
    arg [--hash-style=gnu] ==> ignore
    arg [-export-dynamic] ==> ignore
    arg [-dynamic-linker] ==> ignore
    arg [/lib64/ld-linux-x86-64.so.2] ==> ignore
    arg [-zrelro] ==> ignore
    arg [-o] ==> ignore
    arg [cmTC_558ff] ==> ignore
    arg [/usr/lib/gcc/x86_64-linux-gnu/4.6/../../../x86_64-linux-gnu/crt1.o] ==> ignore
    arg [/usr/lib/gcc/x86_64-linux-gnu/4.6/../../../x86_64-linux-gnu/crti.o] ==> ignore
    arg [/usr/lib/gcc/x86_64-linux-gnu/4.6/crtbegin.o] ==> ignore
    arg [-L/opt/core-4.0-amd64/gnu/boost/1.55.0-gcc463/build/lib/../lib] ==> dir [/opt/core-4.0-amd64/gnu/boost/1.55.0-gcc463/build/lib/../lib]
    arg [-L/opt/core-4.0-amd64/gnu/cfitsio/3.31-gcc463/lib/../lib] ==> dir [/opt/core-4.0-amd64/gnu/cfitsio/3.31-gcc463/lib/../lib]
    arg [-L/opt/core-4.0-amd64/gnu/atlas/3.10.1-gcc463-lapack342/lib/../lib] ==> dir [/opt/core-4.0-amd64/gnu/atlas/3.10.1-gcc463-lapack342/lib/../lib]
    arg [-L/opt/core-4.0-amd64/gnu/tmv-cpp/0.71-atlas3101-gcc463-scons210/lib/../lib] ==> dir [/opt/core-4.0-amd64/gnu/tmv-cpp/0.71-atlas3101-gcc463-scons210/lib/../lib]
    arg [-L/opt/core-4.0-amd64/gnu/fftw/3.3.3-gcc463/lib/../lib] ==> dir [/opt/core-4.0-amd64/gnu/fftw/3.3.3-gcc463/lib/../lib]
    arg [-L/opt/core-4.0-amd64/gnu/healpix/3.00-gcc463/lib_gfortranF90/../lib] ==> dir [/opt/core-4.0-amd64/gnu/healpix/3.00-gcc463/lib_gfortranF90/../lib]
    arg [-L/opt/core-4.0-amd64/gnu/healpix/3.00-gcc463/lib/../lib] ==> dir [/opt/core-4.0-amd64/gnu/healpix/3.00-gcc463/lib/../lib]
    arg [-L/opt/core-4.0-amd64/gnu/healpix/3.00-gcc463/src/cxx/generic_gcc/lib/../lib] ==> dir [/opt/core-4.0-amd64/gnu/healpix/3.00-gcc463/src/cxx/generic_gcc/lib/../lib]
    arg [-L/opt/core-4.0-amd64/gnu/armadillo/7.200.2-gcc463-ifort1401-mkl-arpack96-superLU43/lib/../lib] ==> dir [/opt/core-4.0-amd64/gnu/armadillo/7.200.2-gcc463-ifort1401-mkl-arpack96-superLU43/lib/../lib]
    arg [-L/opt/core-4.0-amd64/gnu/openblas/0.2.15-gcc463-ifort1401/lib/../lib] ==> dir [/opt/core-4.0-amd64/gnu/openblas/0.2.15-gcc463-ifort1401/lib/../lib]
    arg [-L/opt/core-4.0-amd64/gnu/superLU/MT3.0-gcc463-ifort1401/lib/../lib] ==> dir [/opt/core-4.0-amd64/gnu/superLU/MT3.0-gcc463-ifort1401/lib/../lib]
    arg [-L/opt/core-4.0-amd64/gnu/arpack/96-ifort1401/lib/../lib] ==> dir [/opt/core-4.0-amd64/gnu/arpack/96-ifort1401/lib/../lib]
    arg [-L/usr/lib/gcc/x86_64-linux-gnu/4.6] ==> dir [/usr/lib/gcc/x86_64-linux-gnu/4.6]
    arg [-L/usr/lib/gcc/x86_64-linux-gnu/4.6/../../../x86_64-linux-gnu] ==> dir [/usr/lib/gcc/x86_64-linux-gnu/4.6/../../../x86_64-linux-gnu]
    arg [-L/usr/lib/gcc/x86_64-linux-gnu/4.6/../../../../lib] ==> dir [/usr/lib/gcc/x86_64-linux-gnu/4.6/../../../../lib]
    arg [-L/lib/x86_64-linux-gnu] ==> dir [/lib/x86_64-linux-gnu]
    arg [-L/lib/../lib] ==> dir [/lib/../lib]
    arg [-L/usr/lib/x86_64-linux-gnu] ==> dir [/usr/lib/x86_64-linux-gnu]
    arg [-L/usr/lib/../lib] ==> dir [/usr/lib/../lib]
    arg [-L/opt/core-4.0-amd64/gnu/boost/1.55.0-gcc463/build/lib] ==> dir [/opt/core-4.0-amd64/gnu/boost/1.55.0-gcc463/build/lib]
    arg [-L/opt/core-4.0-amd64/gnu/cfitsio/3.31-gcc463/lib] ==> dir [/opt/core-4.0-amd64/gnu/cfitsio/3.31-gcc463/lib]
    arg [-L/opt/core-4.0-amd64/gnu/atlas/3.10.1-gcc463-lapack342/lib] ==> dir [/opt/core-4.0-amd64/gnu/atlas/3.10.1-gcc463-lapack342/lib]
    arg [-L/opt/core-4.0-amd64/gnu/tmv-cpp/0.71-atlas3101-gcc463-scons210/lib] ==> dir [/opt/core-4.0-amd64/gnu/tmv-cpp/0.71-atlas3101-gcc463-scons210/lib]
    arg [-L/opt/core-4.0-amd64/gnu/fftw/3.3.3-gcc463/lib] ==> dir [/opt/core-4.0-amd64/gnu/fftw/3.3.3-gcc463/lib]
    arg [-L/opt/core-4.0-amd64/gnu/healpix/3.00-gcc463/lib_gfortranF90] ==> dir [/opt/core-4.0-amd64/gnu/healpix/3.00-gcc463/lib_gfortranF90]
    arg [-L/opt/core-4.0-amd64/gnu/healpix/3.00-gcc463/lib] ==> dir [/opt/core-4.0-amd64/gnu/healpix/3.00-gcc463/lib]
    arg [-L/opt/core-4.0-amd64/gnu/healpix/3.00-gcc463/src/cxx/generic_gcc/lib] ==> dir [/opt/core-4.0-amd64/gnu/healpix/3.00-gcc463/src/cxx/generic_gcc/lib]
    arg [-L/opt/core-4.0-amd64/gnu/armadillo/7.200.2-gcc463-ifort1401-mkl-arpack96-superLU43/lib] ==> dir [/opt/core-4.0-amd64/gnu/armadillo/7.200.2-gcc463-ifort1401-mkl-arpack96-superLU43/lib]
    arg [-L/opt/core-4.0-amd64/gnu/openblas/0.2.15-gcc463-ifort1401/lib] ==> dir [/opt/core-4.0-amd64/gnu/openblas/0.2.15-gcc463-ifort1401/lib]
    arg [-L/opt/core-4.0-amd64/gnu/superLU/MT3.0-gcc463-ifort1401/lib] ==> dir [/opt/core-4.0-amd64/gnu/superLU/MT3.0-gcc463-ifort1401/lib]
    arg [-L/opt/core-4.0-amd64/gnu/arpack/96-ifort1401/lib] ==> dir [/opt/core-4.0-amd64/gnu/arpack/96-ifort1401/lib]
    arg [-L/opt/core-4.0-amd64/gnu/ifort/2013_sp1.106_intel64/compiler/lib/intel64] ==> dir [/opt/core-4.0-amd64/gnu/ifort/2013_sp1.106_intel64/compiler/lib/intel64]
    arg [-L/opt/core-4.0-amd64/gnu/ifort/2013_sp1.106_intel64/mkl/lib/intel64] ==> dir [/opt/core-4.0-amd64/gnu/ifort/2013_sp1.106_intel64/mkl/lib/intel64]
    arg [-L/usr/lib/gcc/x86_64-linux-gnu/4.6/../../..] ==> dir [/usr/lib/gcc/x86_64-linux-gnu/4.6/../../..]
    arg [CMakeFiles/cmTC_558ff.dir/CMakeCCompilerABI.c.o] ==> ignore
    arg [-lgcc] ==> lib [gcc]
    arg [--as-needed] ==> ignore
    arg [-lgcc_s] ==> lib [gcc_s]
    arg [--no-as-needed] ==> ignore
    arg [-lc] ==> lib [c]
    arg [-lgcc] ==> lib [gcc]
    arg [--as-needed] ==> ignore
    arg [-lgcc_s] ==> lib [gcc_s]
    arg [--no-as-needed] ==> ignore
    arg [/usr/lib/gcc/x86_64-linux-gnu/4.6/crtend.o] ==> ignore
    arg [/usr/lib/gcc/x86_64-linux-gnu/4.6/../../../x86_64-linux-gnu/crtn.o] ==> ignore
  remove lib [gcc]
  remove lib [gcc_s]
  remove lib [gcc]
  remove lib [gcc_s]
  collapse library dir [/opt/core-4.0-amd64/gnu/boost/1.55.0-gcc463/build/lib/../lib] ==> [/opt/core-4.0-amd64/gnu/boost/1.55.0-gcc463/build/lib]
  collapse library dir [/opt/core-4.0-amd64/gnu/cfitsio/3.31-gcc463/lib/../lib] ==> [/opt/core-4.0-amd64/gnu/cfitsio/3.31-gcc463/lib]
  collapse library dir [/opt/core-4.0-amd64/gnu/atlas/3.10.1-gcc463-lapack342/lib/../lib] ==> [/opt/core-4.0-amd64/gnu/atlas/3.10.1-gcc463-lapack342/lib]
  collapse library dir [/opt/core-4.0-amd64/gnu/tmv-cpp/0.71-atlas3101-gcc463-scons210/lib/../lib] ==> [/opt/core-4.0-amd64/gnu/tmv-cpp/0.71-atlas3101-gcc463-scons210/lib]
  collapse library dir [/opt/core-4.0-amd64/gnu/fftw/3.3.3-gcc463/lib/../lib] ==> [/opt/core-4.0-amd64/gnu/fftw/3.3.3-gcc463/lib]
  collapse library dir [/opt/core-4.0-amd64/gnu/healpix/3.00-gcc463/lib_gfortranF90/../lib] ==> [/opt/core-4.0-amd64/gnu/healpix/3.00-gcc463/lib]
  collapse library dir [/opt/core-4.0-amd64/gnu/healpix/3.00-gcc463/lib/../lib] ==> [/opt/core-4.0-amd64/gnu/healpix/3.00-gcc463/lib]
  collapse library dir [/opt/core-4.0-amd64/gnu/healpix/3.00-gcc463/src/cxx/generic_gcc/lib/../lib] ==> [/opt/core-4.0-amd64/gnu/healpix/3.00-gcc463/src/cxx/generic_gcc/lib]
  collapse library dir [/opt/core-4.0-amd64/gnu/armadillo/7.200.2-gcc463-ifort1401-mkl-arpack96-superLU43/lib/../lib] ==> [/opt/core-4.0-amd64/gnu/armadillo/7.200.2-gcc463-ifort1401-mkl-arpack96-superLU43/lib]
  collapse library dir [/opt/core-4.0-amd64/gnu/openblas/0.2.15-gcc463-ifort1401/lib/../lib] ==> [/opt/core-4.0-amd64/gnu/openblas/0.2.15-gcc463-ifort1401/lib]
  collapse library dir [/opt/core-4.0-amd64/gnu/superLU/MT3.0-gcc463-ifort1401/lib/../lib] ==> [/opt/core-4.0-amd64/gnu/superLU/MT3.0-gcc463-ifort1401/lib]
  collapse library dir [/opt/core-4.0-amd64/gnu/arpack/96-ifort1401/lib/../lib] ==> [/opt/core-4.0-amd64/gnu/arpack/96-ifort1401/lib]
  collapse library dir [/usr/lib/gcc/x86_64-linux-gnu/4.6] ==> [/usr/lib/gcc/x86_64-linux-gnu/4.6]
  collapse library dir [/usr/lib/gcc/x86_64-linux-gnu/4.6/../../../x86_64-linux-gnu] ==> [/usr/lib/x86_64-linux-gnu]
  collapse library dir [/usr/lib/gcc/x86_64-linux-gnu/4.6/../../../../lib] ==> [/usr/lib]
  collapse library dir [/lib/x86_64-linux-gnu] ==> [/lib/x86_64-linux-gnu]
  collapse library dir [/lib/../lib] ==> [/lib]
  collapse library dir [/usr/lib/x86_64-linux-gnu] ==> [/usr/lib/x86_64-linux-gnu]
  collapse library dir [/usr/lib/../lib] ==> [/usr/lib]
  collapse library dir [/opt/core-4.0-amd64/gnu/boost/1.55.0-gcc463/build/lib] ==> [/opt/core-4.0-amd64/gnu/boost/1.55.0-gcc463/build/lib]
  collapse library dir [/opt/core-4.0-amd64/gnu/cfitsio/3.31-gcc463/lib] ==> [/opt/core-4.0-amd64/gnu/cfitsio/3.31-gcc463/lib]
  collapse library dir [/opt/core-4.0-amd64/gnu/atlas/3.10.1-gcc463-lapack342/lib] ==> [/opt/core-4.0-amd64/gnu/atlas/3.10.1-gcc463-lapack342/lib]
  collapse library dir [/opt/core-4.0-amd64/gnu/tmv-cpp/0.71-atlas3101-gcc463-scons210/lib] ==> [/opt/core-4.0-amd64/gnu/tmv-cpp/0.71-atlas3101-gcc463-scons210/lib]
  collapse library dir [/opt/core-4.0-amd64/gnu/fftw/3.3.3-gcc463/lib] ==> [/opt/core-4.0-amd64/gnu/fftw/3.3.3-gcc463/lib]
  collapse library dir [/opt/core-4.0-amd64/gnu/healpix/3.00-gcc463/lib_gfortranF90] ==> [/opt/core-4.0-amd64/gnu/healpix/3.00-gcc463/lib_gfortranF90]
  collapse library dir [/opt/core-4.0-amd64/gnu/healpix/3.00-gcc463/lib] ==> [/opt/core-4.0-amd64/gnu/healpix/3.00-gcc463/lib]
  collapse library dir [/opt/core-4.0-amd64/gnu/healpix/3.00-gcc463/src/cxx/generic_gcc/lib] ==> [/opt/core-4.0-amd64/gnu/healpix/3.00-gcc463/src/cxx/generic_gcc/lib]
  collapse library dir [/opt/core-4.0-amd64/gnu/armadillo/7.200.2-gcc463-ifort1401-mkl-arpack96-superLU43/lib] ==> [/opt/core-4.0-amd64/gnu/armadillo/7.200.2-gcc463-ifort1401-mkl-arpack96-superLU43/lib]
  collapse library dir [/opt/core-4.0-amd64/gnu/openblas/0.2.15-gcc463-ifort1401/lib] ==> [/opt/core-4.0-amd64/gnu/openblas/0.2.15-gcc463-ifort1401/lib]
  collapse library dir [/opt/core-4.0-amd64/gnu/superLU/MT3.0-gcc463-ifort1401/lib] ==> [/opt/core-4.0-amd64/gnu/superLU/MT3.0-gcc463-ifort1401/lib]
  collapse library dir [/opt/core-4.0-amd64/gnu/arpack/96-ifort1401/lib] ==> [/opt/core-4.0-amd64/gnu/arpack/96-ifort1401/lib]
  collapse library dir [/opt/core-4.0-amd64/gnu/ifort/2013_sp1.106_intel64/compiler/lib/intel64] ==> [/opt/core-4.0-amd64/gnu/ifort/2013_sp1.106_intel64/compiler/lib/intel64]
  collapse library dir [/opt/core-4.0-amd64/gnu/ifort/2013_sp1.106_intel64/mkl/lib/intel64] ==> [/opt/core-4.0-amd64/gnu/ifort/2013_sp1.106_intel64/mkl/lib/intel64]
  collapse library dir [/usr/lib/gcc/x86_64-linux-gnu/4.6/../../..] ==> [/usr/lib]
  implicit libs: [c]
  implicit dirs: [/opt/core-4.0-amd64/gnu/boost/1.55.0-gcc463/build/lib;/opt/core-4.0-amd64/gnu/cfitsio/3.31-gcc463/lib;/opt/core-4.0-amd64/gnu/atlas/3.10.1-gcc463-lapack342/lib;/opt/core-4.0-amd64/gnu/tmv-cpp/0.71-atlas3101-gcc463-scons210/lib;/opt/core-4.0-amd64/gnu/fftw/3.3.3-gcc463/lib;/opt/core-4.0-amd64/gnu/healpix/3.00-gcc463/lib;/opt/core-4.0-amd64/gnu/healpix/3.00-gcc463/src/cxx/generic_gcc/lib;/opt/core-4.0-amd64/gnu/armadillo/7.200.2-gcc463-ifort1401-mkl-arpack96-superLU43/lib;/opt/core-4.0-amd64/gnu/openblas/0.2.15-gcc463-ifort1401/lib;/opt/core-4.0-amd64/gnu/superLU/MT3.0-gcc463-ifort1401/lib;/opt/core-4.0-amd64/gnu/arpack/96-ifort1401/lib;/usr/lib/gcc/x86_64-linux-gnu/4.6;/usr/lib/x86_64-linux-gnu;/usr/lib;/lib/x86_64-linux-gnu;/lib;/opt/core-4.0-amd64/gnu/healpix/3.00-gcc463/lib_gfortranF90;/opt/core-4.0-amd64/gnu/ifort/2013_sp1.106_intel64/compiler/lib/intel64;/opt/core-4.0-amd64/gnu/ifort/2013_sp1.106_intel64/mkl/lib/intel64]
  implicit fwks: []




Detecting C [-std=c1x] compiler features compiled with the following output:
Change Dir: /dsm/cosmo02/sparseastro/Euclid/code/cea-epfl/branches/isap_package/build/CMakeFiles/CMakeTmp

Run Build Command:"/usr/bin/make" "cmTC_9b113/fast"
/usr/bin/make -f CMakeFiles/cmTC_9b113.dir/build.make CMakeFiles/cmTC_9b113.dir/build
make[1]: Entering directory `/dsm/cosmo02/sparseastro/Euclid/code/cea-epfl/branches/isap_package/build/CMakeFiles/CMakeTmp'
Building C object CMakeFiles/cmTC_9b113.dir/feature_tests.c.o
/usr/bin/cc    -std=c1x -o CMakeFiles/cmTC_9b113.dir/feature_tests.c.o   -c /dsm/cosmo02/sparseastro/Euclid/code/cea-epfl/branches/isap_package/build/CMakeFiles/feature_tests.c
Linking C executable cmTC_9b113
/usr/local/opt/core-4.0-amd64/gnu/cmake/3.5.2-gcc492/bin/cmake -E cmake_link_script CMakeFiles/cmTC_9b113.dir/link.txt --verbose=1
/usr/bin/cc       CMakeFiles/cmTC_9b113.dir/feature_tests.c.o  -o cmTC_9b113 -rdynamic 
make[1]: Leaving directory `/dsm/cosmo02/sparseastro/Euclid/code/cea-epfl/branches/isap_package/build/CMakeFiles/CMakeTmp'


    Feature record: C_FEATURE:1c_function_prototypes
    Feature record: C_FEATURE:1c_restrict
    Feature record: C_FEATURE:1c_static_assert
    Feature record: C_FEATURE:1c_variadic_macros


Detecting C [-std=c99] compiler features compiled with the following output:
Change Dir: /dsm/cosmo02/sparseastro/Euclid/code/cea-epfl/branches/isap_package/build/CMakeFiles/CMakeTmp

Run Build Command:"/usr/bin/make" "cmTC_c685d/fast"
/usr/bin/make -f CMakeFiles/cmTC_c685d.dir/build.make CMakeFiles/cmTC_c685d.dir/build
make[1]: Entering directory `/dsm/cosmo02/sparseastro/Euclid/code/cea-epfl/branches/isap_package/build/CMakeFiles/CMakeTmp'
Building C object CMakeFiles/cmTC_c685d.dir/feature_tests.c.o
/usr/bin/cc    -std=c99 -o CMakeFiles/cmTC_c685d.dir/feature_tests.c.o   -c /dsm/cosmo02/sparseastro/Euclid/code/cea-epfl/branches/isap_package/build/CMakeFiles/feature_tests.c
Linking C executable cmTC_c685d
/usr/local/opt/core-4.0-amd64/gnu/cmake/3.5.2-gcc492/bin/cmake -E cmake_link_script CMakeFiles/cmTC_c685d.dir/link.txt --verbose=1
/usr/bin/cc       CMakeFiles/cmTC_c685d.dir/feature_tests.c.o  -o cmTC_c685d -rdynamic 
make[1]: Leaving directory `/dsm/cosmo02/sparseastro/Euclid/code/cea-epfl/branches/isap_package/build/CMakeFiles/CMakeTmp'


    Feature record: C_FEATURE:1c_function_prototypes
    Feature record: C_FEATURE:1c_restrict
    Feature record: C_FEATURE:0c_static_assert
    Feature record: C_FEATURE:1c_variadic_macros


Detecting C [-std=c90] compiler features compiled with the following output:
Change Dir: /dsm/cosmo02/sparseastro/Euclid/code/cea-epfl/branches/isap_package/build/CMakeFiles/CMakeTmp

Run Build Command:"/usr/bin/make" "cmTC_cef66/fast"
/usr/bin/make -f CMakeFiles/cmTC_cef66.dir/build.make CMakeFiles/cmTC_cef66.dir/build
make[1]: Entering directory `/dsm/cosmo02/sparseastro/Euclid/code/cea-epfl/branches/isap_package/build/CMakeFiles/CMakeTmp'
Building C object CMakeFiles/cmTC_cef66.dir/feature_tests.c.o
/usr/bin/cc    -std=c90 -o CMakeFiles/cmTC_cef66.dir/feature_tests.c.o   -c /dsm/cosmo02/sparseastro/Euclid/code/cea-epfl/branches/isap_package/build/CMakeFiles/feature_tests.c
Linking C executable cmTC_cef66
/usr/local/opt/core-4.0-amd64/gnu/cmake/3.5.2-gcc492/bin/cmake -E cmake_link_script CMakeFiles/cmTC_cef66.dir/link.txt --verbose=1
/usr/bin/cc       CMakeFiles/cmTC_cef66.dir/feature_tests.c.o  -o cmTC_cef66 -rdynamic 
make[1]: Leaving directory `/dsm/cosmo02/sparseastro/Euclid/code/cea-epfl/branches/isap_package/build/CMakeFiles/CMakeTmp'


    Feature record: C_FEATURE:1c_function_prototypes
    Feature record: C_FEATURE:0c_restrict
    Feature record: C_FEATURE:0c_static_assert
    Feature record: C_FEATURE:0c_variadic_macros
Determining if the CXX compiler works passed with the following output:
Change Dir: /dsm/cosmo02/sparseastro/Euclid/code/cea-epfl/branches/isap_package/build/CMakeFiles/CMakeTmp

Run Build Command:"/usr/bin/make" "cmTC_d19e7/fast"
/usr/bin/make -f CMakeFiles/cmTC_d19e7.dir/build.make CMakeFiles/cmTC_d19e7.dir/build
make[1]: Entering directory `/dsm/cosmo02/sparseastro/Euclid/code/cea-epfl/branches/isap_package/build/CMakeFiles/CMakeTmp'
Building CXX object CMakeFiles/cmTC_d19e7.dir/testCXXCompiler.cxx.o
/usr/bin/c++      -o CMakeFiles/cmTC_d19e7.dir/testCXXCompiler.cxx.o -c /dsm/cosmo02/sparseastro/Euclid/code/cea-epfl/branches/isap_package/build/CMakeFiles/CMakeTmp/testCXXCompiler.cxx
Linking CXX executable cmTC_d19e7
/usr/local/opt/core-4.0-amd64/gnu/cmake/3.5.2-gcc492/bin/cmake -E cmake_link_script CMakeFiles/cmTC_d19e7.dir/link.txt --verbose=1
/usr/bin/c++        CMakeFiles/cmTC_d19e7.dir/testCXXCompiler.cxx.o  -o cmTC_d19e7 -rdynamic 
make[1]: Leaving directory `/dsm/cosmo02/sparseastro/Euclid/code/cea-epfl/branches/isap_package/build/CMakeFiles/CMakeTmp'


Detecting CXX compiler ABI info compiled with the following output:
Change Dir: /dsm/cosmo02/sparseastro/Euclid/code/cea-epfl/branches/isap_package/build/CMakeFiles/CMakeTmp

Run Build Command:"/usr/bin/make" "cmTC_f6390/fast"
/usr/bin/make -f CMakeFiles/cmTC_f6390.dir/build.make CMakeFiles/cmTC_f6390.dir/build
make[1]: Entering directory `/dsm/cosmo02/sparseastro/Euclid/code/cea-epfl/branches/isap_package/build/CMakeFiles/CMakeTmp'
Building CXX object CMakeFiles/cmTC_f6390.dir/CMakeCXXCompilerABI.cpp.o
/usr/bin/c++      -o CMakeFiles/cmTC_f6390.dir/CMakeCXXCompilerABI.cpp.o -c /usr/local/opt/core-4.0-amd64/gnu/cmake/3.5.2-gcc492/share/cmake-3.5/Modules/CMakeCXXCompilerABI.cpp
Linking CXX executable cmTC_f6390
/usr/local/opt/core-4.0-amd64/gnu/cmake/3.5.2-gcc492/bin/cmake -E cmake_link_script CMakeFiles/cmTC_f6390.dir/link.txt --verbose=1
/usr/bin/c++       -v CMakeFiles/cmTC_f6390.dir/CMakeCXXCompilerABI.cpp.o  -o cmTC_f6390 -rdynamic  
Using built-in specs.
COLLECT_GCC=/usr/bin/c++
COLLECT_LTO_WRAPPER=/usr/lib/gcc/x86_64-linux-gnu/4.6/lto-wrapper
Target: x86_64-linux-gnu
Configured with: ../src/configure -v --with-pkgversion='Ubuntu/Linaro 4.6.3-1ubuntu5' --with-bugurl=file:///usr/share/doc/gcc-4.6/README.Bugs --enable-languages=c,c++,fortran,objc,obj-c++ --prefix=/usr --program-suffix=-4.6 --enable-shared --enable-linker-build-id --with-system-zlib --libexecdir=/usr/lib --without-included-gettext --enable-threads=posix --with-gxx-include-dir=/usr/include/c++/4.6 --libdir=/usr/lib --enable-nls --with-sysroot=/ --enable-clocale=gnu --enable-libstdcxx-debug --enable-libstdcxx-time=yes --enable-gnu-unique-object --enable-plugin --enable-objc-gc --disable-werror --with-arch-32=i686 --with-tune=generic --enable-checking=release --build=x86_64-linux-gnu --host=x86_64-linux-gnu --target=x86_64-linux-gnu
Thread model: posix
gcc version 4.6.3 (Ubuntu/Linaro 4.6.3-1ubuntu5) 
COMPILER_PATH=/usr/lib/gcc/x86_64-linux-gnu/4.6/:/usr/lib/gcc/x86_64-linux-gnu/4.6/:/usr/lib/gcc/x86_64-linux-gnu/:/usr/lib/gcc/x86_64-linux-gnu/4.6/:/usr/lib/gcc/x86_64-linux-gnu/
LIBRARY_PATH=/opt/core-4.0-amd64/gnu/boost/1.55.0-gcc463/build/lib/../lib/:/opt/core-4.0-amd64/gnu/cfitsio/3.31-gcc463/lib/../lib/:/opt/core-4.0-amd64/gnu/atlas/3.10.1-gcc463-lapack342/lib/../lib/:/opt/core-4.0-amd64/gnu/tmv-cpp/0.71-atlas3101-gcc463-scons210/lib/../lib/:/opt/core-4.0-amd64/gnu/fftw/3.3.3-gcc463/lib/../lib/:/opt/core-4.0-amd64/gnu/healpix/3.00-gcc463/lib_gfortranF90/../lib/:/opt/core-4.0-amd64/gnu/healpix/3.00-gcc463/lib/../lib/:/opt/core-4.0-amd64/gnu/healpix/3.00-gcc463/src/cxx/generic_gcc/lib/../lib/:/opt/core-4.0-amd64/gnu/armadillo/7.200.2-gcc463-ifort1401-mkl-arpack96-superLU43/lib/../lib/:/opt/core-4.0-amd64/gnu/openblas/0.2.15-gcc463-ifort1401/lib/../lib/:/opt/core-4.0-amd64/gnu/superLU/MT3.0-gcc463-ifort1401/lib/../lib/:/opt/core-4.0-amd64/gnu/arpack/96-ifort1401/lib/../lib/:/usr/lib/gcc/x86_64-linux-gnu/4.6/:/usr/lib/gcc/x86_64-linux-gnu/4.6/../../../x86_64-linux-gnu/:/usr/lib/gcc/x86_64-linux-gnu/4.6/../../../../lib/:/lib/x86_64-linux-gnu/:/lib/../lib/:/usr/lib/x86_64-linux-gnu/:/usr/lib/../lib/:/opt/core-4.0-amd64/gnu/boost/1.55.0-gcc463/build/lib/:/opt/core-4.0-amd64/gnu/cfitsio/3.31-gcc463/lib/:/opt/core-4.0-amd64/gnu/atlas/3.10.1-gcc463-lapack342/lib/:/opt/core-4.0-amd64/gnu/tmv-cpp/0.71-atlas3101-gcc463-scons210/lib/:/opt/core-4.0-amd64/gnu/fftw/3.3.3-gcc463/lib/:/opt/core-4.0-amd64/gnu/healpix/3.00-gcc463/lib_gfortranF90/:/opt/core-4.0-amd64/gnu/healpix/3.00-gcc463/lib/:/opt/core-4.0-amd64/gnu/healpix/3.00-gcc463/src/cxx/generic_gcc/lib/:/opt/core-4.0-amd64/gnu/armadillo/7.200.2-gcc463-ifort1401-mkl-arpack96-superLU43/lib/:/opt/core-4.0-amd64/gnu/openblas/0.2.15-gcc463-ifort1401/lib/:/opt/core-4.0-amd64/gnu/superLU/MT3.0-gcc463-ifort1401/lib/:/opt/core-4.0-amd64/gnu/arpack/96-ifort1401/lib/:/opt/core-4.0-amd64/gnu/ifort/2013_sp1.106_intel64/compiler/lib/intel64/:/opt/core-4.0-amd64/gnu/ifort/2013_sp1.106_intel64/mkl/lib/intel64/:/usr/lib/gcc/x86_64-linux-gnu/4.6/../../../:/lib/:/usr/lib/
COLLECT_GCC_OPTIONS='-v' '-o' 'cmTC_f6390' '-rdynamic' '-shared-libgcc' '-mtune=generic' '-march=x86-64'
 /usr/lib/gcc/x86_64-linux-gnu/4.6/collect2 --sysroot=/ --build-id --no-add-needed --as-needed --eh-frame-hdr -m elf_x86_64 --hash-style=gnu -export-dynamic -dynamic-linker /lib64/ld-linux-x86-64.so.2 -z relro -o cmTC_f6390 /usr/lib/gcc/x86_64-linux-gnu/4.6/../../../x86_64-linux-gnu/crt1.o /usr/lib/gcc/x86_64-linux-gnu/4.6/../../../x86_64-linux-gnu/crti.o /usr/lib/gcc/x86_64-linux-gnu/4.6/crtbegin.o -L/opt/core-4.0-amd64/gnu/boost/1.55.0-gcc463/build/lib/../lib -L/opt/core-4.0-amd64/gnu/cfitsio/3.31-gcc463/lib/../lib -L/opt/core-4.0-amd64/gnu/atlas/3.10.1-gcc463-lapack342/lib/../lib -L/opt/core-4.0-amd64/gnu/tmv-cpp/0.71-atlas3101-gcc463-scons210/lib/../lib -L/opt/core-4.0-amd64/gnu/fftw/3.3.3-gcc463/lib/../lib -L/opt/core-4.0-amd64/gnu/healpix/3.00-gcc463/lib_gfortranF90/../lib -L/opt/core-4.0-amd64/gnu/healpix/3.00-gcc463/lib/../lib -L/opt/core-4.0-amd64/gnu/healpix/3.00-gcc463/src/cxx/generic_gcc/lib/../lib -L/opt/core-4.0-amd64/gnu/armadillo/7.200.2-gcc463-ifort1401-mkl-arpack96-superLU43/lib/../lib -L/opt/core-4.0-amd64/gnu/openblas/0.2.15-gcc463-ifort1401/lib/../lib -L/opt/core-4.0-amd64/gnu/superLU/MT3.0-gcc463-ifort1401/lib/../lib -L/opt/core-4.0-amd64/gnu/arpack/96-ifort1401/lib/../lib -L/usr/lib/gcc/x86_64-linux-gnu/4.6 -L/usr/lib/gcc/x86_64-linux-gnu/4.6/../../../x86_64-linux-gnu -L/usr/lib/gcc/x86_64-linux-gnu/4.6/../../../../lib -L/lib/x86_64-linux-gnu -L/lib/../lib -L/usr/lib/x86_64-linux-gnu -L/usr/lib/../lib -L/opt/core-4.0-amd64/gnu/boost/1.55.0-gcc463/build/lib -L/opt/core-4.0-amd64/gnu/cfitsio/3.31-gcc463/lib -L/opt/core-4.0-amd64/gnu/atlas/3.10.1-gcc463-lapack342/lib -L/opt/core-4.0-amd64/gnu/tmv-cpp/0.71-atlas3101-gcc463-scons210/lib -L/opt/core-4.0-amd64/gnu/fftw/3.3.3-gcc463/lib -L/opt/core-4.0-amd64/gnu/healpix/3.00-gcc463/lib_gfortranF90 -L/opt/core-4.0-amd64/gnu/healpix/3.00-gcc463/lib -L/opt/core-4.0-amd64/gnu/healpix/3.00-gcc463/src/cxx/generic_gcc/lib -L/opt/core-4.0-amd64/gnu/armadillo/7.200.2-gcc463-ifort1401-mkl-arpack96-superLU43/lib -L/opt/core-4.0-amd64/gnu/openblas/0.2.15-gcc463-ifort1401/lib -L/opt/core-4.0-amd64/gnu/superLU/MT3.0-gcc463-ifort1401/lib -L/opt/core-4.0-amd64/gnu/arpack/96-ifort1401/lib -L/opt/core-4.0-amd64/gnu/ifort/2013_sp1.106_intel64/compiler/lib/intel64 -L/opt/core-4.0-amd64/gnu/ifort/2013_sp1.106_intel64/mkl/lib/intel64 -L/usr/lib/gcc/x86_64-linux-gnu/4.6/../../.. CMakeFiles/cmTC_f6390.dir/CMakeCXXCompilerABI.cpp.o -lstdc++ -lm -lgcc_s -lgcc -lc -lgcc_s -lgcc /usr/lib/gcc/x86_64-linux-gnu/4.6/crtend.o /usr/lib/gcc/x86_64-linux-gnu/4.6/../../../x86_64-linux-gnu/crtn.o
make[1]: Leaving directory `/dsm/cosmo02/sparseastro/Euclid/code/cea-epfl/branches/isap_package/build/CMakeFiles/CMakeTmp'


Parsed CXX implicit link information from above output:
  link line regex: [^( *|.*[/\])(ld|([^/\]+-)?ld|collect2)[^/\]*( |$)]
  ignore line: [Change Dir: /dsm/cosmo02/sparseastro/Euclid/code/cea-epfl/branches/isap_package/build/CMakeFiles/CMakeTmp]
  ignore line: []
  ignore line: [Run Build Command:"/usr/bin/make" "cmTC_f6390/fast"]
  ignore line: [/usr/bin/make -f CMakeFiles/cmTC_f6390.dir/build.make CMakeFiles/cmTC_f6390.dir/build]
  ignore line: [make[1]: Entering directory `/dsm/cosmo02/sparseastro/Euclid/code/cea-epfl/branches/isap_package/build/CMakeFiles/CMakeTmp']
  ignore line: [Building CXX object CMakeFiles/cmTC_f6390.dir/CMakeCXXCompilerABI.cpp.o]
  ignore line: [/usr/bin/c++      -o CMakeFiles/cmTC_f6390.dir/CMakeCXXCompilerABI.cpp.o -c /usr/local/opt/core-4.0-amd64/gnu/cmake/3.5.2-gcc492/share/cmake-3.5/Modules/CMakeCXXCompilerABI.cpp]
  ignore line: [Linking CXX executable cmTC_f6390]
  ignore line: [/usr/local/opt/core-4.0-amd64/gnu/cmake/3.5.2-gcc492/bin/cmake -E cmake_link_script CMakeFiles/cmTC_f6390.dir/link.txt --verbose=1]
  ignore line: [/usr/bin/c++       -v CMakeFiles/cmTC_f6390.dir/CMakeCXXCompilerABI.cpp.o  -o cmTC_f6390 -rdynamic  ]
  ignore line: [Using built-in specs.]
  ignore line: [COLLECT_GCC=/usr/bin/c++]
  ignore line: [COLLECT_LTO_WRAPPER=/usr/lib/gcc/x86_64-linux-gnu/4.6/lto-wrapper]
  ignore line: [Target: x86_64-linux-gnu]
  ignore line: [Configured with: ../src/configure -v --with-pkgversion='Ubuntu/Linaro 4.6.3-1ubuntu5' --with-bugurl=file:///usr/share/doc/gcc-4.6/README.Bugs --enable-languages=c,c++,fortran,objc,obj-c++ --prefix=/usr --program-suffix=-4.6 --enable-shared --enable-linker-build-id --with-system-zlib --libexecdir=/usr/lib --without-included-gettext --enable-threads=posix --with-gxx-include-dir=/usr/include/c++/4.6 --libdir=/usr/lib --enable-nls --with-sysroot=/ --enable-clocale=gnu --enable-libstdcxx-debug --enable-libstdcxx-time=yes --enable-gnu-unique-object --enable-plugin --enable-objc-gc --disable-werror --with-arch-32=i686 --with-tune=generic --enable-checking=release --build=x86_64-linux-gnu --host=x86_64-linux-gnu --target=x86_64-linux-gnu]
  ignore line: [Thread model: posix]
  ignore line: [gcc version 4.6.3 (Ubuntu/Linaro 4.6.3-1ubuntu5) ]
  ignore line: [COMPILER_PATH=/usr/lib/gcc/x86_64-linux-gnu/4.6/:/usr/lib/gcc/x86_64-linux-gnu/4.6/:/usr/lib/gcc/x86_64-linux-gnu/:/usr/lib/gcc/x86_64-linux-gnu/4.6/:/usr/lib/gcc/x86_64-linux-gnu/]
  ignore line: [LIBRARY_PATH=/opt/core-4.0-amd64/gnu/boost/1.55.0-gcc463/build/lib/../lib/:/opt/core-4.0-amd64/gnu/cfitsio/3.31-gcc463/lib/../lib/:/opt/core-4.0-amd64/gnu/atlas/3.10.1-gcc463-lapack342/lib/../lib/:/opt/core-4.0-amd64/gnu/tmv-cpp/0.71-atlas3101-gcc463-scons210/lib/../lib/:/opt/core-4.0-amd64/gnu/fftw/3.3.3-gcc463/lib/../lib/:/opt/core-4.0-amd64/gnu/healpix/3.00-gcc463/lib_gfortranF90/../lib/:/opt/core-4.0-amd64/gnu/healpix/3.00-gcc463/lib/../lib/:/opt/core-4.0-amd64/gnu/healpix/3.00-gcc463/src/cxx/generic_gcc/lib/../lib/:/opt/core-4.0-amd64/gnu/armadillo/7.200.2-gcc463-ifort1401-mkl-arpack96-superLU43/lib/../lib/:/opt/core-4.0-amd64/gnu/openblas/0.2.15-gcc463-ifort1401/lib/../lib/:/opt/core-4.0-amd64/gnu/superLU/MT3.0-gcc463-ifort1401/lib/../lib/:/opt/core-4.0-amd64/gnu/arpack/96-ifort1401/lib/../lib/:/usr/lib/gcc/x86_64-linux-gnu/4.6/:/usr/lib/gcc/x86_64-linux-gnu/4.6/../../../x86_64-linux-gnu/:/usr/lib/gcc/x86_64-linux-gnu/4.6/../../../../lib/:/lib/x86_64-linux-gnu/:/lib/../lib/:/usr/lib/x86_64-linux-gnu/:/usr/lib/../lib/:/opt/core-4.0-amd64/gnu/boost/1.55.0-gcc463/build/lib/:/opt/core-4.0-amd64/gnu/cfitsio/3.31-gcc463/lib/:/opt/core-4.0-amd64/gnu/atlas/3.10.1-gcc463-lapack342/lib/:/opt/core-4.0-amd64/gnu/tmv-cpp/0.71-atlas3101-gcc463-scons210/lib/:/opt/core-4.0-amd64/gnu/fftw/3.3.3-gcc463/lib/:/opt/core-4.0-amd64/gnu/healpix/3.00-gcc463/lib_gfortranF90/:/opt/core-4.0-amd64/gnu/healpix/3.00-gcc463/lib/:/opt/core-4.0-amd64/gnu/healpix/3.00-gcc463/src/cxx/generic_gcc/lib/:/opt/core-4.0-amd64/gnu/armadillo/7.200.2-gcc463-ifort1401-mkl-arpack96-superLU43/lib/:/opt/core-4.0-amd64/gnu/openblas/0.2.15-gcc463-ifort1401/lib/:/opt/core-4.0-amd64/gnu/superLU/MT3.0-gcc463-ifort1401/lib/:/opt/core-4.0-amd64/gnu/arpack/96-ifort1401/lib/:/opt/core-4.0-amd64/gnu/ifort/2013_sp1.106_intel64/compiler/lib/intel64/:/opt/core-4.0-amd64/gnu/ifort/2013_sp1.106_intel64/mkl/lib/intel64/:/usr/lib/gcc/x86_64-linux-gnu/4.6/../../../:/lib/:/usr/lib/]
  ignore line: [COLLECT_GCC_OPTIONS='-v' '-o' 'cmTC_f6390' '-rdynamic' '-shared-libgcc' '-mtune=generic' '-march=x86-64']
  link line: [ /usr/lib/gcc/x86_64-linux-gnu/4.6/collect2 --sysroot=/ --build-id --no-add-needed --as-needed --eh-frame-hdr -m elf_x86_64 --hash-style=gnu -export-dynamic -dynamic-linker /lib64/ld-linux-x86-64.so.2 -z relro -o cmTC_f6390 /usr/lib/gcc/x86_64-linux-gnu/4.6/../../../x86_64-linux-gnu/crt1.o /usr/lib/gcc/x86_64-linux-gnu/4.6/../../../x86_64-linux-gnu/crti.o /usr/lib/gcc/x86_64-linux-gnu/4.6/crtbegin.o -L/opt/core-4.0-amd64/gnu/boost/1.55.0-gcc463/build/lib/../lib -L/opt/core-4.0-amd64/gnu/cfitsio/3.31-gcc463/lib/../lib -L/opt/core-4.0-amd64/gnu/atlas/3.10.1-gcc463-lapack342/lib/../lib -L/opt/core-4.0-amd64/gnu/tmv-cpp/0.71-atlas3101-gcc463-scons210/lib/../lib -L/opt/core-4.0-amd64/gnu/fftw/3.3.3-gcc463/lib/../lib -L/opt/core-4.0-amd64/gnu/healpix/3.00-gcc463/lib_gfortranF90/../lib -L/opt/core-4.0-amd64/gnu/healpix/3.00-gcc463/lib/../lib -L/opt/core-4.0-amd64/gnu/healpix/3.00-gcc463/src/cxx/generic_gcc/lib/../lib -L/opt/core-4.0-amd64/gnu/armadillo/7.200.2-gcc463-ifort1401-mkl-arpack96-superLU43/lib/../lib -L/opt/core-4.0-amd64/gnu/openblas/0.2.15-gcc463-ifort1401/lib/../lib -L/opt/core-4.0-amd64/gnu/superLU/MT3.0-gcc463-ifort1401/lib/../lib -L/opt/core-4.0-amd64/gnu/arpack/96-ifort1401/lib/../lib -L/usr/lib/gcc/x86_64-linux-gnu/4.6 -L/usr/lib/gcc/x86_64-linux-gnu/4.6/../../../x86_64-linux-gnu -L/usr/lib/gcc/x86_64-linux-gnu/4.6/../../../../lib -L/lib/x86_64-linux-gnu -L/lib/../lib -L/usr/lib/x86_64-linux-gnu -L/usr/lib/../lib -L/opt/core-4.0-amd64/gnu/boost/1.55.0-gcc463/build/lib -L/opt/core-4.0-amd64/gnu/cfitsio/3.31-gcc463/lib -L/opt/core-4.0-amd64/gnu/atlas/3.10.1-gcc463-lapack342/lib -L/opt/core-4.0-amd64/gnu/tmv-cpp/0.71-atlas3101-gcc463-scons210/lib -L/opt/core-4.0-amd64/gnu/fftw/3.3.3-gcc463/lib -L/opt/core-4.0-amd64/gnu/healpix/3.00-gcc463/lib_gfortranF90 -L/opt/core-4.0-amd64/gnu/healpix/3.00-gcc463/lib -L/opt/core-4.0-amd64/gnu/healpix/3.00-gcc463/src/cxx/generic_gcc/lib -L/opt/core-4.0-amd64/gnu/armadillo/7.200.2-gcc463-ifort1401-mkl-arpack96-superLU43/lib -L/opt/core-4.0-amd64/gnu/openblas/0.2.15-gcc463-ifort1401/lib -L/opt/core-4.0-amd64/gnu/superLU/MT3.0-gcc463-ifort1401/lib -L/opt/core-4.0-amd64/gnu/arpack/96-ifort1401/lib -L/opt/core-4.0-amd64/gnu/ifort/2013_sp1.106_intel64/compiler/lib/intel64 -L/opt/core-4.0-amd64/gnu/ifort/2013_sp1.106_intel64/mkl/lib/intel64 -L/usr/lib/gcc/x86_64-linux-gnu/4.6/../../.. CMakeFiles/cmTC_f6390.dir/CMakeCXXCompilerABI.cpp.o -lstdc++ -lm -lgcc_s -lgcc -lc -lgcc_s -lgcc /usr/lib/gcc/x86_64-linux-gnu/4.6/crtend.o /usr/lib/gcc/x86_64-linux-gnu/4.6/../../../x86_64-linux-gnu/crtn.o]
    arg [/usr/lib/gcc/x86_64-linux-gnu/4.6/collect2] ==> ignore
    arg [--sysroot=/] ==> ignore
    arg [--build-id] ==> ignore
    arg [--no-add-needed] ==> ignore
    arg [--as-needed] ==> ignore
    arg [--eh-frame-hdr] ==> ignore
    arg [-m] ==> ignore
    arg [elf_x86_64] ==> ignore
    arg [--hash-style=gnu] ==> ignore
    arg [-export-dynamic] ==> ignore
    arg [-dynamic-linker] ==> ignore
    arg [/lib64/ld-linux-x86-64.so.2] ==> ignore
    arg [-zrelro] ==> ignore
    arg [-o] ==> ignore
    arg [cmTC_f6390] ==> ignore
    arg [/usr/lib/gcc/x86_64-linux-gnu/4.6/../../../x86_64-linux-gnu/crt1.o] ==> ignore
    arg [/usr/lib/gcc/x86_64-linux-gnu/4.6/../../../x86_64-linux-gnu/crti.o] ==> ignore
    arg [/usr/lib/gcc/x86_64-linux-gnu/4.6/crtbegin.o] ==> ignore
    arg [-L/opt/core-4.0-amd64/gnu/boost/1.55.0-gcc463/build/lib/../lib] ==> dir [/opt/core-4.0-amd64/gnu/boost/1.55.0-gcc463/build/lib/../lib]
    arg [-L/opt/core-4.0-amd64/gnu/cfitsio/3.31-gcc463/lib/../lib] ==> dir [/opt/core-4.0-amd64/gnu/cfitsio/3.31-gcc463/lib/../lib]
    arg [-L/opt/core-4.0-amd64/gnu/atlas/3.10.1-gcc463-lapack342/lib/../lib] ==> dir [/opt/core-4.0-amd64/gnu/atlas/3.10.1-gcc463-lapack342/lib/../lib]
    arg [-L/opt/core-4.0-amd64/gnu/tmv-cpp/0.71-atlas3101-gcc463-scons210/lib/../lib] ==> dir [/opt/core-4.0-amd64/gnu/tmv-cpp/0.71-atlas3101-gcc463-scons210/lib/../lib]
    arg [-L/opt/core-4.0-amd64/gnu/fftw/3.3.3-gcc463/lib/../lib] ==> dir [/opt/core-4.0-amd64/gnu/fftw/3.3.3-gcc463/lib/../lib]
    arg [-L/opt/core-4.0-amd64/gnu/healpix/3.00-gcc463/lib_gfortranF90/../lib] ==> dir [/opt/core-4.0-amd64/gnu/healpix/3.00-gcc463/lib_gfortranF90/../lib]
    arg [-L/opt/core-4.0-amd64/gnu/healpix/3.00-gcc463/lib/../lib] ==> dir [/opt/core-4.0-amd64/gnu/healpix/3.00-gcc463/lib/../lib]
    arg [-L/opt/core-4.0-amd64/gnu/healpix/3.00-gcc463/src/cxx/generic_gcc/lib/../lib] ==> dir [/opt/core-4.0-amd64/gnu/healpix/3.00-gcc463/src/cxx/generic_gcc/lib/../lib]
    arg [-L/opt/core-4.0-amd64/gnu/armadillo/7.200.2-gcc463-ifort1401-mkl-arpack96-superLU43/lib/../lib] ==> dir [/opt/core-4.0-amd64/gnu/armadillo/7.200.2-gcc463-ifort1401-mkl-arpack96-superLU43/lib/../lib]
    arg [-L/opt/core-4.0-amd64/gnu/openblas/0.2.15-gcc463-ifort1401/lib/../lib] ==> dir [/opt/core-4.0-amd64/gnu/openblas/0.2.15-gcc463-ifort1401/lib/../lib]
    arg [-L/opt/core-4.0-amd64/gnu/superLU/MT3.0-gcc463-ifort1401/lib/../lib] ==> dir [/opt/core-4.0-amd64/gnu/superLU/MT3.0-gcc463-ifort1401/lib/../lib]
    arg [-L/opt/core-4.0-amd64/gnu/arpack/96-ifort1401/lib/../lib] ==> dir [/opt/core-4.0-amd64/gnu/arpack/96-ifort1401/lib/../lib]
    arg [-L/usr/lib/gcc/x86_64-linux-gnu/4.6] ==> dir [/usr/lib/gcc/x86_64-linux-gnu/4.6]
    arg [-L/usr/lib/gcc/x86_64-linux-gnu/4.6/../../../x86_64-linux-gnu] ==> dir [/usr/lib/gcc/x86_64-linux-gnu/4.6/../../../x86_64-linux-gnu]
    arg [-L/usr/lib/gcc/x86_64-linux-gnu/4.6/../../../../lib] ==> dir [/usr/lib/gcc/x86_64-linux-gnu/4.6/../../../../lib]
    arg [-L/lib/x86_64-linux-gnu] ==> dir [/lib/x86_64-linux-gnu]
    arg [-L/lib/../lib] ==> dir [/lib/../lib]
    arg [-L/usr/lib/x86_64-linux-gnu] ==> dir [/usr/lib/x86_64-linux-gnu]
    arg [-L/usr/lib/../lib] ==> dir [/usr/lib/../lib]
    arg [-L/opt/core-4.0-amd64/gnu/boost/1.55.0-gcc463/build/lib] ==> dir [/opt/core-4.0-amd64/gnu/boost/1.55.0-gcc463/build/lib]
    arg [-L/opt/core-4.0-amd64/gnu/cfitsio/3.31-gcc463/lib] ==> dir [/opt/core-4.0-amd64/gnu/cfitsio/3.31-gcc463/lib]
    arg [-L/opt/core-4.0-amd64/gnu/atlas/3.10.1-gcc463-lapack342/lib] ==> dir [/opt/core-4.0-amd64/gnu/atlas/3.10.1-gcc463-lapack342/lib]
    arg [-L/opt/core-4.0-amd64/gnu/tmv-cpp/0.71-atlas3101-gcc463-scons210/lib] ==> dir [/opt/core-4.0-amd64/gnu/tmv-cpp/0.71-atlas3101-gcc463-scons210/lib]
    arg [-L/opt/core-4.0-amd64/gnu/fftw/3.3.3-gcc463/lib] ==> dir [/opt/core-4.0-amd64/gnu/fftw/3.3.3-gcc463/lib]
    arg [-L/opt/core-4.0-amd64/gnu/healpix/3.00-gcc463/lib_gfortranF90] ==> dir [/opt/core-4.0-amd64/gnu/healpix/3.00-gcc463/lib_gfortranF90]
    arg [-L/opt/core-4.0-amd64/gnu/healpix/3.00-gcc463/lib] ==> dir [/opt/core-4.0-amd64/gnu/healpix/3.00-gcc463/lib]
    arg [-L/opt/core-4.0-amd64/gnu/healpix/3.00-gcc463/src/cxx/generic_gcc/lib] ==> dir [/opt/core-4.0-amd64/gnu/healpix/3.00-gcc463/src/cxx/generic_gcc/lib]
    arg [-L/opt/core-4.0-amd64/gnu/armadillo/7.200.2-gcc463-ifort1401-mkl-arpack96-superLU43/lib] ==> dir [/opt/core-4.0-amd64/gnu/armadillo/7.200.2-gcc463-ifort1401-mkl-arpack96-superLU43/lib]
    arg [-L/opt/core-4.0-amd64/gnu/openblas/0.2.15-gcc463-ifort1401/lib] ==> dir [/opt/core-4.0-amd64/gnu/openblas/0.2.15-gcc463-ifort1401/lib]
    arg [-L/opt/core-4.0-amd64/gnu/superLU/MT3.0-gcc463-ifort1401/lib] ==> dir [/opt/core-4.0-amd64/gnu/superLU/MT3.0-gcc463-ifort1401/lib]
    arg [-L/opt/core-4.0-amd64/gnu/arpack/96-ifort1401/lib] ==> dir [/opt/core-4.0-amd64/gnu/arpack/96-ifort1401/lib]
    arg [-L/opt/core-4.0-amd64/gnu/ifort/2013_sp1.106_intel64/compiler/lib/intel64] ==> dir [/opt/core-4.0-amd64/gnu/ifort/2013_sp1.106_intel64/compiler/lib/intel64]
    arg [-L/opt/core-4.0-amd64/gnu/ifort/2013_sp1.106_intel64/mkl/lib/intel64] ==> dir [/opt/core-4.0-amd64/gnu/ifort/2013_sp1.106_intel64/mkl/lib/intel64]
    arg [-L/usr/lib/gcc/x86_64-linux-gnu/4.6/../../..] ==> dir [/usr/lib/gcc/x86_64-linux-gnu/4.6/../../..]
    arg [CMakeFiles/cmTC_f6390.dir/CMakeCXXCompilerABI.cpp.o] ==> ignore
    arg [-lstdc++] ==> lib [stdc++]
    arg [-lm] ==> lib [m]
    arg [-lgcc_s] ==> lib [gcc_s]
    arg [-lgcc] ==> lib [gcc]
    arg [-lc] ==> lib [c]
    arg [-lgcc_s] ==> lib [gcc_s]
    arg [-lgcc] ==> lib [gcc]
    arg [/usr/lib/gcc/x86_64-linux-gnu/4.6/crtend.o] ==> ignore
    arg [/usr/lib/gcc/x86_64-linux-gnu/4.6/../../../x86_64-linux-gnu/crtn.o] ==> ignore
  remove lib [gcc_s]
  remove lib [gcc]
  remove lib [gcc_s]
  remove lib [gcc]
  collapse library dir [/opt/core-4.0-amd64/gnu/boost/1.55.0-gcc463/build/lib/../lib] ==> [/opt/core-4.0-amd64/gnu/boost/1.55.0-gcc463/build/lib]
  collapse library dir [/opt/core-4.0-amd64/gnu/cfitsio/3.31-gcc463/lib/../lib] ==> [/opt/core-4.0-amd64/gnu/cfitsio/3.31-gcc463/lib]
  collapse library dir [/opt/core-4.0-amd64/gnu/atlas/3.10.1-gcc463-lapack342/lib/../lib] ==> [/opt/core-4.0-amd64/gnu/atlas/3.10.1-gcc463-lapack342/lib]
  collapse library dir [/opt/core-4.0-amd64/gnu/tmv-cpp/0.71-atlas3101-gcc463-scons210/lib/../lib] ==> [/opt/core-4.0-amd64/gnu/tmv-cpp/0.71-atlas3101-gcc463-scons210/lib]
  collapse library dir [/opt/core-4.0-amd64/gnu/fftw/3.3.3-gcc463/lib/../lib] ==> [/opt/core-4.0-amd64/gnu/fftw/3.3.3-gcc463/lib]
  collapse library dir [/opt/core-4.0-amd64/gnu/healpix/3.00-gcc463/lib_gfortranF90/../lib] ==> [/opt/core-4.0-amd64/gnu/healpix/3.00-gcc463/lib]
  collapse library dir [/opt/core-4.0-amd64/gnu/healpix/3.00-gcc463/lib/../lib] ==> [/opt/core-4.0-amd64/gnu/healpix/3.00-gcc463/lib]
  collapse library dir [/opt/core-4.0-amd64/gnu/healpix/3.00-gcc463/src/cxx/generic_gcc/lib/../lib] ==> [/opt/core-4.0-amd64/gnu/healpix/3.00-gcc463/src/cxx/generic_gcc/lib]
  collapse library dir [/opt/core-4.0-amd64/gnu/armadillo/7.200.2-gcc463-ifort1401-mkl-arpack96-superLU43/lib/../lib] ==> [/opt/core-4.0-amd64/gnu/armadillo/7.200.2-gcc463-ifort1401-mkl-arpack96-superLU43/lib]
  collapse library dir [/opt/core-4.0-amd64/gnu/openblas/0.2.15-gcc463-ifort1401/lib/../lib] ==> [/opt/core-4.0-amd64/gnu/openblas/0.2.15-gcc463-ifort1401/lib]
  collapse library dir [/opt/core-4.0-amd64/gnu/superLU/MT3.0-gcc463-ifort1401/lib/../lib] ==> [/opt/core-4.0-amd64/gnu/superLU/MT3.0-gcc463-ifort1401/lib]
  collapse library dir [/opt/core-4.0-amd64/gnu/arpack/96-ifort1401/lib/../lib] ==> [/opt/core-4.0-amd64/gnu/arpack/96-ifort1401/lib]
  collapse library dir [/usr/lib/gcc/x86_64-linux-gnu/4.6] ==> [/usr/lib/gcc/x86_64-linux-gnu/4.6]
  collapse library dir [/usr/lib/gcc/x86_64-linux-gnu/4.6/../../../x86_64-linux-gnu] ==> [/usr/lib/x86_64-linux-gnu]
  collapse library dir [/usr/lib/gcc/x86_64-linux-gnu/4.6/../../../../lib] ==> [/usr/lib]
  collapse library dir [/lib/x86_64-linux-gnu] ==> [/lib/x86_64-linux-gnu]
  collapse library dir [/lib/../lib] ==> [/lib]
  collapse library dir [/usr/lib/x86_64-linux-gnu] ==> [/usr/lib/x86_64-linux-gnu]
  collapse library dir [/usr/lib/../lib] ==> [/usr/lib]
  collapse library dir [/opt/core-4.0-amd64/gnu/boost/1.55.0-gcc463/build/lib] ==> [/opt/core-4.0-amd64/gnu/boost/1.55.0-gcc463/build/lib]
  collapse library dir [/opt/core-4.0-amd64/gnu/cfitsio/3.31-gcc463/lib] ==> [/opt/core-4.0-amd64/gnu/cfitsio/3.31-gcc463/lib]
  collapse library dir [/opt/core-4.0-amd64/gnu/atlas/3.10.1-gcc463-lapack342/lib] ==> [/opt/core-4.0-amd64/gnu/atlas/3.10.1-gcc463-lapack342/lib]
  collapse library dir [/opt/core-4.0-amd64/gnu/tmv-cpp/0.71-atlas3101-gcc463-scons210/lib] ==> [/opt/core-4.0-amd64/gnu/tmv-cpp/0.71-atlas3101-gcc463-scons210/lib]
  collapse library dir [/opt/core-4.0-amd64/gnu/fftw/3.3.3-gcc463/lib] ==> [/opt/core-4.0-amd64/gnu/fftw/3.3.3-gcc463/lib]
  collapse library dir [/opt/core-4.0-amd64/gnu/healpix/3.00-gcc463/lib_gfortranF90] ==> [/opt/core-4.0-amd64/gnu/healpix/3.00-gcc463/lib_gfortranF90]
  collapse library dir [/opt/core-4.0-amd64/gnu/healpix/3.00-gcc463/lib] ==> [/opt/core-4.0-amd64/gnu/healpix/3.00-gcc463/lib]
  collapse library dir [/opt/core-4.0-amd64/gnu/healpix/3.00-gcc463/src/cxx/generic_gcc/lib] ==> [/opt/core-4.0-amd64/gnu/healpix/3.00-gcc463/src/cxx/generic_gcc/lib]
  collapse library dir [/opt/core-4.0-amd64/gnu/armadillo/7.200.2-gcc463-ifort1401-mkl-arpack96-superLU43/lib] ==> [/opt/core-4.0-amd64/gnu/armadillo/7.200.2-gcc463-ifort1401-mkl-arpack96-superLU43/lib]
  collapse library dir [/opt/core-4.0-amd64/gnu/openblas/0.2.15-gcc463-ifort1401/lib] ==> [/opt/core-4.0-amd64/gnu/openblas/0.2.15-gcc463-ifort1401/lib]
  collapse library dir [/opt/core-4.0-amd64/gnu/superLU/MT3.0-gcc463-ifort1401/lib] ==> [/opt/core-4.0-amd64/gnu/superLU/MT3.0-gcc463-ifort1401/lib]
  collapse library dir [/opt/core-4.0-amd64/gnu/arpack/96-ifort1401/lib] ==> [/opt/core-4.0-amd64/gnu/arpack/96-ifort1401/lib]
  collapse library dir [/opt/core-4.0-amd64/gnu/ifort/2013_sp1.106_intel64/compiler/lib/intel64] ==> [/opt/core-4.0-amd64/gnu/ifort/2013_sp1.106_intel64/compiler/lib/intel64]
  collapse library dir [/opt/core-4.0-amd64/gnu/ifort/2013_sp1.106_intel64/mkl/lib/intel64] ==> [/opt/core-4.0-amd64/gnu/ifort/2013_sp1.106_intel64/mkl/lib/intel64]
  collapse library dir [/usr/lib/gcc/x86_64-linux-gnu/4.6/../../..] ==> [/usr/lib]
  implicit libs: [stdc++;m;c]
  implicit dirs: [/opt/core-4.0-amd64/gnu/boost/1.55.0-gcc463/build/lib;/opt/core-4.0-amd64/gnu/cfitsio/3.31-gcc463/lib;/opt/core-4.0-amd64/gnu/atlas/3.10.1-gcc463-lapack342/lib;/opt/core-4.0-amd64/gnu/tmv-cpp/0.71-atlas3101-gcc463-scons210/lib;/opt/core-4.0-amd64/gnu/fftw/3.3.3-gcc463/lib;/opt/core-4.0-amd64/gnu/healpix/3.00-gcc463/lib;/opt/core-4.0-amd64/gnu/healpix/3.00-gcc463/src/cxx/generic_gcc/lib;/opt/core-4.0-amd64/gnu/armadillo/7.200.2-gcc463-ifort1401-mkl-arpack96-superLU43/lib;/opt/core-4.0-amd64/gnu/openblas/0.2.15-gcc463-ifort1401/lib;/opt/core-4.0-amd64/gnu/superLU/MT3.0-gcc463-ifort1401/lib;/opt/core-4.0-amd64/gnu/arpack/96-ifort1401/lib;/usr/lib/gcc/x86_64-linux-gnu/4.6;/usr/lib/x86_64-linux-gnu;/usr/lib;/lib/x86_64-linux-gnu;/lib;/opt/core-4.0-amd64/gnu/healpix/3.00-gcc463/lib_gfortranF90;/opt/core-4.0-amd64/gnu/ifort/2013_sp1.106_intel64/compiler/lib/intel64;/opt/core-4.0-amd64/gnu/ifort/2013_sp1.106_intel64/mkl/lib/intel64]
  implicit fwks: []




Detecting CXX [-std=c++0x] compiler features compiled with the following output:
Change Dir: /dsm/cosmo02/sparseastro/Euclid/code/cea-epfl/branches/isap_package/build/CMakeFiles/CMakeTmp

Run Build Command:"/usr/bin/make" "cmTC_b19e7/fast"
/usr/bin/make -f CMakeFiles/cmTC_b19e7.dir/build.make CMakeFiles/cmTC_b19e7.dir/build
make[1]: Entering directory `/dsm/cosmo02/sparseastro/Euclid/code/cea-epfl/branches/isap_package/build/CMakeFiles/CMakeTmp'
Building CXX object CMakeFiles/cmTC_b19e7.dir/feature_tests.cxx.o
/usr/bin/c++     -std=c++0x -o CMakeFiles/cmTC_b19e7.dir/feature_tests.cxx.o -c /dsm/cosmo02/sparseastro/Euclid/code/cea-epfl/branches/isap_package/build/CMakeFiles/feature_tests.cxx
Linking CXX executable cmTC_b19e7
/usr/local/opt/core-4.0-amd64/gnu/cmake/3.5.2-gcc492/bin/cmake -E cmake_link_script CMakeFiles/cmTC_b19e7.dir/link.txt --verbose=1
/usr/bin/c++        CMakeFiles/cmTC_b19e7.dir/feature_tests.cxx.o  -o cmTC_b19e7 -rdynamic 
make[1]: Leaving directory `/dsm/cosmo02/sparseastro/Euclid/code/cea-epfl/branches/isap_package/build/CMakeFiles/CMakeTmp'


    Feature record: CXX_FEATURE:0cxx_aggregate_default_initializers
    Feature record: CXX_FEATURE:0cxx_alias_templates
    Feature record: CXX_FEATURE:0cxx_alignas
    Feature record: CXX_FEATURE:0cxx_alignof
    Feature record: CXX_FEATURE:0cxx_attributes
    Feature record: CXX_FEATURE:0cxx_attribute_deprecated
    Feature record: CXX_FEATURE:1cxx_auto_type
    Feature record: CXX_FEATURE:0cxx_binary_literals
    Feature record: CXX_FEATURE:1cxx_constexpr
    Feature record: CXX_FEATURE:0cxx_contextual_conversions
    Feature record: CXX_FEATURE:1cxx_decltype
    Feature record: CXX_FEATURE:0cxx_decltype_auto
    Feature record: CXX_FEATURE:0cxx_decltype_incomplete_return_types
    Feature record: CXX_FEATURE:1cxx_default_function_template_args
    Feature record: CXX_FEATURE:1cxx_defaulted_functions
    Feature record: CXX_FEATURE:1cxx_defaulted_move_initializers
    Feature record: CXX_FEATURE:0cxx_delegating_constructors
    Feature record: CXX_FEATURE:1cxx_deleted_functions
    Feature record: CXX_FEATURE:0cxx_digit_separators
    Feature record: CXX_FEATURE:1cxx_enum_forward_declarations
    Feature record: CXX_FEATURE:1cxx_explicit_conversions
    Feature record: CXX_FEATURE:0cxx_extended_friend_declarations
    Feature record: CXX_FEATURE:1cxx_extern_templates
    Feature record: CXX_FEATURE:0cxx_final
    Feature record: CXX_FEATURE:1cxx_func_identifier
    Feature record: CXX_FEATURE:1cxx_generalized_initializers
    Feature record: CXX_FEATURE:0cxx_generic_lambdas
    Feature record: CXX_FEATURE:0cxx_inheriting_constructors
    Feature record: CXX_FEATURE:1cxx_inline_namespaces
    Feature record: CXX_FEATURE:1cxx_lambdas
    Feature record: CXX_FEATURE:0cxx_lambda_init_captures
    Feature record: CXX_FEATURE:1cxx_local_type_template_args
    Feature record: CXX_FEATURE:1cxx_long_long_type
    Feature record: CXX_FEATURE:1cxx_noexcept
    Feature record: CXX_FEATURE:0cxx_nonstatic_member_init
    Feature record: CXX_FEATURE:1cxx_nullptr
    Feature record: CXX_FEATURE:0cxx_override
    Feature record: CXX_FEATURE:1cxx_range_for
    Feature record: CXX_FEATURE:1cxx_raw_string_literals
    Feature record: CXX_FEATURE:0cxx_reference_qualified_functions
    Feature record: CXX_FEATURE:0cxx_relaxed_constexpr
    Feature record: CXX_FEATURE:0cxx_return_type_deduction
    Feature record: CXX_FEATURE:1cxx_right_angle_brackets
    Feature record: CXX_FEATURE:1cxx_rvalue_references
    Feature record: CXX_FEATURE:1cxx_sizeof_member
    Feature record: CXX_FEATURE:1cxx_static_assert
    Feature record: CXX_FEATURE:1cxx_strong_enums
    Feature record: CXX_FEATURE:1cxx_template_template_parameters
    Feature record: CXX_FEATURE:0cxx_thread_local
    Feature record: CXX_FEATURE:1cxx_trailing_return_types
    Feature record: CXX_FEATURE:1cxx_unicode_literals
    Feature record: CXX_FEATURE:1cxx_uniform_initialization
    Feature record: CXX_FEATURE:1cxx_unrestricted_unions
    Feature record: CXX_FEATURE:0cxx_user_literals
    Feature record: CXX_FEATURE:0cxx_variable_templates
    Feature record: CXX_FEATURE:1cxx_variadic_macros
    Feature record: CXX_FEATURE:1cxx_variadic_templates


Detecting CXX [-std=c++98] compiler features compiled with the following output:
Change Dir: /dsm/cosmo02/sparseastro/Euclid/code/cea-epfl/branches/isap_package/build/CMakeFiles/CMakeTmp

Run Build Command:"/usr/bin/make" "cmTC_580a5/fast"
/usr/bin/make -f CMakeFiles/cmTC_580a5.dir/build.make CMakeFiles/cmTC_580a5.dir/build
make[1]: Entering directory `/dsm/cosmo02/sparseastro/Euclid/code/cea-epfl/branches/isap_package/build/CMakeFiles/CMakeTmp'
Building CXX object CMakeFiles/cmTC_580a5.dir/feature_tests.cxx.o
/usr/bin/c++     -std=c++98 -o CMakeFiles/cmTC_580a5.dir/feature_tests.cxx.o -c /dsm/cosmo02/sparseastro/Euclid/code/cea-epfl/branches/isap_package/build/CMakeFiles/feature_tests.cxx
Linking CXX executable cmTC_580a5
/usr/local/opt/core-4.0-amd64/gnu/cmake/3.5.2-gcc492/bin/cmake -E cmake_link_script CMakeFiles/cmTC_580a5.dir/link.txt --verbose=1
/usr/bin/c++        CMakeFiles/cmTC_580a5.dir/feature_tests.cxx.o  -o cmTC_580a5 -rdynamic 
make[1]: Leaving directory `/dsm/cosmo02/sparseastro/Euclid/code/cea-epfl/branches/isap_package/build/CMakeFiles/CMakeTmp'


    Feature record: CXX_FEATURE:0cxx_aggregate_default_initializers
    Feature record: CXX_FEATURE:0cxx_alias_templates
    Feature record: CXX_FEATURE:0cxx_alignas
    Feature record: CXX_FEATURE:0cxx_alignof
    Feature record: CXX_FEATURE:0cxx_attributes
    Feature record: CXX_FEATURE:0cxx_attribute_deprecated
    Feature record: CXX_FEATURE:0cxx_auto_type
    Feature record: CXX_FEATURE:0cxx_binary_literals
    Feature record: CXX_FEATURE:0cxx_constexpr
    Feature record: CXX_FEATURE:0cxx_contextual_conversions
    Feature record: CXX_FEATURE:0cxx_decltype
    Feature record: CXX_FEATURE:0cxx_decltype_auto
    Feature record: CXX_FEATURE:0cxx_decltype_incomplete_return_types
    Feature record: CXX_FEATURE:0cxx_default_function_template_args
    Feature record: CXX_FEATURE:0cxx_defaulted_functions
    Feature record: CXX_FEATURE:0cxx_defaulted_move_initializers
    Feature record: CXX_FEATURE:0cxx_delegating_constructors
    Feature record: CXX_FEATURE:0cxx_deleted_functions
    Feature record: CXX_FEATURE:0cxx_digit_separators
    Feature record: CXX_FEATURE:0cxx_enum_forward_declarations
    Feature record: CXX_FEATURE:0cxx_explicit_conversions
    Feature record: CXX_FEATURE:0cxx_extended_friend_declarations
    Feature record: CXX_FEATURE:0cxx_extern_templates
    Feature record: CXX_FEATURE:0cxx_final
    Feature record: CXX_FEATURE:0cxx_func_identifier
    Feature record: CXX_FEATURE:0cxx_generalized_initializers
    Feature record: CXX_FEATURE:0cxx_generic_lambdas
    Feature record: CXX_FEATURE:0cxx_inheriting_constructors
    Feature record: CXX_FEATURE:0cxx_inline_namespaces
    Feature record: CXX_FEATURE:0cxx_lambdas
    Feature record: CXX_FEATURE:0cxx_lambda_init_captures
    Feature record: CXX_FEATURE:0cxx_local_type_template_args
    Feature record: CXX_FEATURE:0cxx_long_long_type
    Feature record: CXX_FEATURE:0cxx_noexcept
    Feature record: CXX_FEATURE:0cxx_nonstatic_member_init
    Feature record: CXX_FEATURE:0cxx_nullptr
    Feature record: CXX_FEATURE:0cxx_override
    Feature record: CXX_FEATURE:0cxx_range_for
    Feature record: CXX_FEATURE:0cxx_raw_string_literals
    Feature record: CXX_FEATURE:0cxx_reference_qualified_functions
    Feature record: CXX_FEATURE:0cxx_relaxed_constexpr
    Feature record: CXX_FEATURE:0cxx_return_type_deduction
    Feature record: CXX_FEATURE:0cxx_right_angle_brackets
    Feature record: CXX_FEATURE:0cxx_rvalue_references
    Feature record: CXX_FEATURE:0cxx_sizeof_member
    Feature record: CXX_FEATURE:0cxx_static_assert
    Feature record: CXX_FEATURE:0cxx_strong_enums
    Feature record: CXX_FEATURE:1cxx_template_template_parameters
    Feature record: CXX_FEATURE:0cxx_thread_local
    Feature record: CXX_FEATURE:0cxx_trailing_return_types
    Feature record: CXX_FEATURE:0cxx_unicode_literals
    Feature record: CXX_FEATURE:0cxx_uniform_initialization
    Feature record: CXX_FEATURE:0cxx_unrestricted_unions
    Feature record: CXX_FEATURE:0cxx_user_literals
    Feature record: CXX_FEATURE:0cxx_variable_templates
    Feature record: CXX_FEATURE:0cxx_variadic_macros
    Feature record: CXX_FEATURE:0cxx_variadic_templates
